<?xml version="1.0" encoding="UTF-8"?>
<!-- Generated by org.testng.reporters.JUnitReportReporter -->
<testsuite hostname="Sivanathan" failures="0" tests="8" name="tests.ShoppingCartTestNG" time="7.136" errors="0" timestamp="2025-02-27T19:00:42 IST" skipped="0">
  <testcase classname="tests.ShoppingCartTestNG" name="login" time="1.045"/>
  <system-out/>
  <testcase classname="tests.ShoppingCartTestNG" name="removeProductFromCart" time="0.302"/>
  <system-out/>
  <testcase classname="tests.ShoppingCartTestNG" name="placeOrder" time="0.311"/>
  <system-out/>
  <testcase classname="tests.ShoppingCartTestNG" name="verifyCartPage" time="0.367"/>
  <system-out/>
  <testcase classname="tests.ShoppingCartTestNG" name="addTocart" time="0.820"/>
  <system-out/>
  <testcase classname="tests.ShoppingCartTestNG" name="checkout" time="0.719"/>
  <system-out/>
  <testcase classname="tests.ShoppingCartTestNG" name="sortProductsByPrice" time="0.700"/>
  <system-out/>
  <testcase classname="tests.ShoppingCartTestNG" name="returnToHomePageAndLogout" time="2.872"/>
  <system-out/>
</testsuite> <!-- tests.ShoppingCartTestNG -->
